<?xml version="1.0" encoding="UTF-8"?>
<!-- Generated by org.testng.reporters.JUnitReportReporter -->
<testsuite skipped="0" hostname="DESKTOP-5VOUPJ0" name="com.syntax.testcases.AddEmployeeTest" tests="3" failures="0" timestamp="14 Jun 2019 16:22:40 GMT" time="71.579" errors="0">
  <testcase name="addEmployee" time="14.337" classname="com.syntax.testcases.AddEmployeeTest"/>
  <testcase name="addEmployee" time="43.405" classname="com.syntax.testcases.AddEmployeeTest"/>
  <testcase name="addEmployee" time="13.837" classname="com.syntax.testcases.AddEmployeeTest"/>
</testsuite> <!-- com.syntax.testcases.AddEmployeeTest -->
