<?xml version="1.0" encoding="UTF-8"?>
<!-- Generated by org.testng.reporters.JUnitReportReporter -->
<testsuite skipped="0" hostname="DESKTOP-5VOUPJ0" name="com.syntax.testcases.AddLocationsTest" tests="5" failures="0" timestamp="16 Jun 2019 01:17:23 GMT" time="65.653" errors="0">
  <testcase name="addLocations" time="13.686" classname="com.syntax.testcases.AddLocationsTest"/>
  <testcase name="addLocations" time="11.986" classname="com.syntax.testcases.AddLocationsTest"/>
  <testcase name="addLocations" time="13.708" classname="com.syntax.testcases.AddLocationsTest"/>
  <testcase name="addLocations" time="14.441" classname="com.syntax.testcases.AddLocationsTest"/>
  <testcase name="addLocations" time="11.832" classname="com.syntax.testcases.AddLocationsTest"/>
</testsuite> <!-- com.syntax.testcases.AddLocationsTest -->
